Build started 12/15/2014 1:18:47 PM.
     1>Project "F:\SpaceInvaders\SpaceInvaders\SpaceInvaders.vcxproj" on node 2 (Build target(s)).
     1>ClCompile:
         C:\Program Files (x86)\Microsoft Visual Studio 12.0\VC\bin\CL.exe /c /ZI /nologo /W3 /WX- /sdl /Od /Oy- /D WIN32 /D _DEBUG /D _CONSOLE /D _LIB /D _UNICODE /D UNICODE /Gm /EHsc /RTC1 /MDd /GS /fp:precise /Zc:wchar_t /Zc:forScope /Fo"Debug\\" /Fd"Debug\vc120.pdb" /Gd /TP /analyze- /errorReport:prompt main.cpp
         main.cpp
     1>f:\spaceinvaders\spaceinvaders\main.cpp(245): warning C4018: '<' : signed/unsigned mismatch
     1>f:\spaceinvaders\spaceinvaders\main.cpp(249): warning C4018: '<' : signed/unsigned mismatch
     1>f:\spaceinvaders\spaceinvaders\main.cpp(334): warning C4018: '<' : signed/unsigned mismatch
     1>f:\spaceinvaders\spaceinvaders\main.cpp(387): warning C4018: '<' : signed/unsigned mismatch
     1>f:\spaceinvaders\spaceinvaders\main.cpp(334): warning C4102: 'L' : unreferenced label
       Link:
         C:\Program Files (x86)\Microsoft Visual Studio 12.0\VC\bin\link.exe /ERRORREPORT:PROMPT /OUT:"F:\SpaceInvaders\Debug\SpaceInvaders.exe" /INCREMENTAL /NOLOGO kernel32.lib user32.lib gdi32.lib winspool.lib comdlg32.lib advapi32.lib shell32.lib ole32.lib oleaut32.lib uuid.lib odbc32.lib odbccp32.lib /MANIFEST /MANIFESTUAC:"level='asInvoker' uiAccess='false'" /manifest:embed /DEBUG /PDB:"F:\SpaceInvaders\Debug\SpaceInvaders.pdb" /SUBSYSTEM:CONSOLE /TLBID:1 /DYNAMICBASE /NXCOMPAT /IMPLIB:"F:\SpaceInvaders\Debug\SpaceInvaders.lib" /MACHINE:X86 Debug\AlienShot.obj
         Debug\Bullet.obj
         Debug\Cannon.obj
         Debug\glm.obj
         Debug\main.obj
         Debug\Invaders.obj
         SpaceInvaders.vcxproj -> F:\SpaceInvaders\Debug\SpaceInvaders.exe
     1>Done Building Project "F:\SpaceInvaders\SpaceInvaders\SpaceInvaders.vcxproj" (Build target(s)).

Build succeeded.

Time Elapsed 00:00:02.44
